<?xml version="1.0" encoding="UTF-8"?>
<testsuite name="BadgeTest" tests="4" skipped="0" failures="0" errors="0" timestamp="2026-04-20T14:40:22.535Z" hostname="AT-ALVG9R9K" time="0.046">
  <properties/>
  <testcase name="Printing a badge for the owner" classname="BadgeTest" time="0.036"/>
  <testcase name="Printing a badge for a new employee" classname="BadgeTest" time="0.0"/>
  <testcase name="Printing a badge for an employee" classname="BadgeTest" time="0.001"/>
  <testcase name="Printing a badge for the owner who is a new employee" classname="BadgeTest" time="0.001"/>
  <system-out><![CDATA[]]></system-out>
  <system-err><![CDATA[]]></system-err>
</testsuite>
